<?xml version="1.0" encoding="UTF-8"?>
<testsuite name="org.skan.tests.PracticeFormWithFakerTest" tests="1" skipped="0" failures="0" errors="0" timestamp="2022-11-27T12:59:53" hostname="MacBook-Air-Anastasia.local" time="47.409">
  <properties/>
  <testcase name="Проверка заполнения формы" classname="org.skan.tests.PracticeFormWithFakerTest" time="47.409"/>
  <system-out><![CDATA[]]></system-out>
  <system-err><![CDATA[нояб. 27, 2022 4:59:56 PM org.openqa.selenium.remote.RemoteWebDriver checkNonW3CCapabilities
WARNING: Support for Legacy Capabilities is deprecated; You are sending the following invalid capabilities: [enableVNC, enableVideo]; Please update to W3C Syntax: https://www.selenium.dev/blog/2022/legacy-protocol-support/
Starting ChromeDriver 107.0.5304.62 (1eec40d3a5764881c92085aaee66d25075c159aa-refs/branch-heads/5304@{#942}) on port 62485
Only local connections are allowed.
Please see https://chromedriver.chromium.org/security-considerations for suggestions on keeping ChromeDriver safe.
ChromeDriver was started successfully.
нояб. 27, 2022 5:00:10 PM org.openqa.selenium.remote.ProtocolHandshake createSession
INFO: Detected upstream dialect: W3C
нояб. 27, 2022 5:00:10 PM org.openqa.selenium.remote.ProtocolHandshake createSession
WARNING: Support for Legacy Capabilities is deprecated; You are sending the following invalid capabilities: [enableVNC, enableVideo]; Please update to W3C Syntax: https://www.selenium.dev/blog/2022/legacy-protocol-support/
нояб. 27, 2022 5:00:11 PM org.openqa.selenium.devtools.CdpVersionFinder findNearestMatch
WARNING: Unable to find an exact match for CDP version 107, so returning the closest version found: 106
нояб. 27, 2022 5:00:11 PM org.openqa.selenium.devtools.CdpVersionFinder findNearestMatch
INFO: Found CDP implementation for version 107 of 106
]]></system-err>
</testsuite>
